[ 2016-12-23T12:10:30+08:00 ] ::1 /web/demo/wemall/
INFO: [ app_init ] --START--
INFO: Run Behavior\BuildLiteBehavior [ RunTime:0.000000s ]
INFO: [ app_init ] --END-- [ RunTime:0.002000s ]
INFO: [ app_begin ] --START--
INFO: Run Behavior\ReadHtmlCacheBehavior [ RunTime:0.001000s ]
INFO: [ app_begin ] --END-- [ RunTime:0.002000s ]
NOTIC: [2048] Declaration of Admin\Controller\BaseController::display() should be compatible with Think\Controller::display($templateFile = '', $charset = '', $contentType = '', $content = '', $prefix = '') D:\www\web\demo\wemall\Application\Admin\Controller\BaseController.class.php 第 77 行.

[ 2016-12-23T12:10:31+08:00 ] ::1 /web/demo/wemall/Admin/Public/login
INFO: [ app_init ] --START--
INFO: Run Behavior\BuildLiteBehavior [ RunTime:0.000000s ]
INFO: [ app_init ] --END-- [ RunTime:0.000000s ]
INFO: [ app_begin ] --START--
INFO: Run Behavior\ReadHtmlCacheBehavior [ RunTime:0.000000s ]
INFO: [ app_begin ] --END-- [ RunTime:0.000000s ]
INFO: [ view_parse ] --START--
INFO: [ template_filter ] --START--
INFO: Run Behavior\ContentReplaceBehavior [ RunTime:0.000000s ]
INFO: [ template_filter ] --END-- [ RunTime:0.000000s ]
INFO: Run Behavior\ParseTemplateBehavior [ RunTime:0.014001s ]
INFO: [ view_parse ] --END-- [ RunTime:0.014001s ]
INFO: [ view_filter ] --START--
INFO: Run Behavior\WriteHtmlCacheBehavior [ RunTime:0.000000s ]
INFO: [ view_filter ] --END-- [ RunTime:0.000000s ]
INFO: [ app_end ] --START--
INFO: Run Behavior\ShowPageTraceBehavior [ RunTime:0.001000s ]
INFO: [ app_end ] --END-- [ RunTime:0.001000s ]

[ 2016-12-23T12:10:31+08:00 ] ::1 /web/demo/wemall/Admin/Public/getVerify
INFO: [ app_init ] --START--
INFO: Run Behavior\BuildLiteBehavior [ RunTime:0.000000s ]
INFO: [ app_init ] --END-- [ RunTime:0.001000s ]
INFO: [ app_begin ] --START--
INFO: Run Behavior\ReadHtmlCacheBehavior [ RunTime:0.001000s ]
INFO: [ app_begin ] --END-- [ RunTime:0.001000s ]
INFO: [ app_end ] --START--
INFO: Run Behavior\ShowPageTraceBehavior [ RunTime:0.001000s ]
INFO: [ app_end ] --END-- [ RunTime:0.001000s ]

[ 2016-12-23T12:12:47+08:00 ] ::1 /git/dingcan/
INFO: [ app_init ] --START--
INFO: Run Behavior\BuildLiteBehavior [ RunTime:0.000000s ]
INFO: [ app_init ] --END-- [ RunTime:0.000000s ]
INFO: [ app_begin ] --START--
INFO: Run Behavior\ReadHtmlCacheBehavior [ RunTime:0.001000s ]
INFO: [ app_begin ] --END-- [ RunTime:0.001000s ]
NOTIC: [2048] Declaration of Admin\Controller\BaseController::display() should be compatible with Think\Controller::display($templateFile = '', $charset = '', $contentType = '', $content = '', $prefix = '') D:\www\git\dingcan\Application\Admin\Controller\BaseController.class.php 第 77 行.

[ 2016-12-23T12:12:47+08:00 ] ::1 /git/dingcan/Admin/Public/login
INFO: [ app_init ] --START--
INFO: Run Behavior\BuildLiteBehavior [ RunTime:0.000000s ]
INFO: [ app_init ] --END-- [ RunTime:0.000000s ]
INFO: [ app_begin ] --START--
INFO: Run Behavior\ReadHtmlCacheBehavior [ RunTime:0.000000s ]
INFO: [ app_begin ] --END-- [ RunTime:0.000000s ]
INFO: [ view_parse ] --START--
INFO: [ template_filter ] --START--
INFO: Run Behavior\ContentReplaceBehavior [ RunTime:0.000000s ]
INFO: [ template_filter ] --END-- [ RunTime:0.000000s ]
INFO: Run Behavior\ParseTemplateBehavior [ RunTime:0.006000s ]
INFO: [ view_parse ] --END-- [ RunTime:0.006000s ]
INFO: [ view_filter ] --START--
INFO: Run Behavior\WriteHtmlCacheBehavior [ RunTime:0.000000s ]
INFO: [ view_filter ] --END-- [ RunTime:0.000000s ]
INFO: [ app_end ] --START--
INFO: Run Behavior\ShowPageTraceBehavior [ RunTime:0.001000s ]
INFO: [ app_end ] --END-- [ RunTime:0.001000s ]

[ 2016-12-23T12:12:48+08:00 ] ::1 /git/dingcan/Admin/Public/getVerify
INFO: [ app_init ] --START--
INFO: Run Behavior\BuildLiteBehavior [ RunTime:0.000000s ]
INFO: [ app_init ] --END-- [ RunTime:0.001000s ]
INFO: [ app_begin ] --START--
INFO: Run Behavior\ReadHtmlCacheBehavior [ RunTime:0.000000s ]
INFO: [ app_begin ] --END-- [ RunTime:0.000000s ]
INFO: [ app_end ] --START--
INFO: Run Behavior\ShowPageTraceBehavior [ RunTime:0.001000s ]
INFO: [ app_end ] --END-- [ RunTime:0.001000s ]

[ 2016-12-23T12:15:08+08:00 ] ::1 /git/dingcan/Admin/Public/login
INFO: [ app_init ] --START--
INFO: Run Behavior\BuildLiteBehavior [ RunTime:0.000000s ]
INFO: [ app_init ] --END-- [ RunTime:0.001000s ]
INFO: [ app_begin ] --START--
INFO: Run Behavior\ReadHtmlCacheBehavior [ RunTime:0.000000s ]
INFO: [ app_begin ] --END-- [ RunTime:0.000000s ]
INFO: [ view_parse ] --START--
INFO: [ template_filter ] --START--
INFO: Run Behavior\ContentReplaceBehavior [ RunTime:0.000000s ]
INFO: [ template_filter ] --END-- [ RunTime:0.000000s ]
INFO: Run Behavior\ParseTemplateBehavior [ RunTime:0.007000s ]
INFO: [ view_parse ] --END-- [ RunTime:0.007000s ]
INFO: [ view_filter ] --START--
INFO: Run Behavior\WriteHtmlCacheBehavior [ RunTime:0.001001s ]
INFO: [ view_filter ] --END-- [ RunTime:0.001001s ]
INFO: [ app_end ] --START--
INFO: Run Behavior\ShowPageTraceBehavior [ RunTime:0.000000s ]
INFO: [ app_end ] --END-- [ RunTime:0.000000s ]

[ 2016-12-23T12:15:08+08:00 ] ::1 /git/dingcan/Admin/Public/getVerify
INFO: [ app_init ] --START--
INFO: Run Behavior\BuildLiteBehavior [ RunTime:0.000000s ]
INFO: [ app_init ] --END-- [ RunTime:0.002000s ]
INFO: [ app_begin ] --START--
INFO: Run Behavior\ReadHtmlCacheBehavior [ RunTime:0.001000s ]
INFO: [ app_begin ] --END-- [ RunTime:0.001000s ]
INFO: [ app_end ] --START--
INFO: Run Behavior\ShowPageTraceBehavior [ RunTime:0.001000s ]
INFO: [ app_end ] --END-- [ RunTime:0.001000s ]

[ 2016-12-23T12:15:09+08:00 ] ::1 /git/dingcan/Admin/Public/login
INFO: [ app_init ] --START--
INFO: Run Behavior\BuildLiteBehavior [ RunTime:0.000000s ]
INFO: [ app_init ] --END-- [ RunTime:0.000000s ]
INFO: [ app_begin ] --START--
INFO: Run Behavior\ReadHtmlCacheBehavior [ RunTime:0.001000s ]
INFO: [ app_begin ] --END-- [ RunTime:0.001000s ]
INFO: [ view_parse ] --START--
INFO: [ template_filter ] --START--
INFO: Run Behavior\ContentReplaceBehavior [ RunTime:0.000000s ]
INFO: [ template_filter ] --END-- [ RunTime:0.000000s ]
INFO: Run Behavior\ParseTemplateBehavior [ RunTime:0.009001s ]
INFO: [ view_parse ] --END-- [ RunTime:0.009001s ]
INFO: [ view_filter ] --START--
INFO: Run Behavior\WriteHtmlCacheBehavior [ RunTime:0.001000s ]
INFO: [ view_filter ] --END-- [ RunTime:0.001000s ]
INFO: [ app_end ] --START--
INFO: Run Behavior\ShowPageTraceBehavior [ RunTime:0.000000s ]
INFO: [ app_end ] --END-- [ RunTime:0.000000s ]

[ 2016-12-23T12:15:09+08:00 ] ::1 /git/dingcan/Admin/Public/getVerify
INFO: [ app_init ] --START--
INFO: Run Behavior\BuildLiteBehavior [ RunTime:0.000000s ]
INFO: [ app_init ] --END-- [ RunTime:0.000000s ]
INFO: [ app_begin ] --START--
INFO: Run Behavior\ReadHtmlCacheBehavior [ RunTime:0.001000s ]
INFO: [ app_begin ] --END-- [ RunTime:0.001000s ]
INFO: [ app_end ] --START--
INFO: Run Behavior\ShowPageTraceBehavior [ RunTime:0.001000s ]
INFO: [ app_end ] --END-- [ RunTime:0.001000s ]

[ 2016-12-23T14:10:52+08:00 ] ::1 /git/dingcan/Admin/Public/login
INFO: [ app_init ] --START--
INFO: Run Behavior\BuildLiteBehavior [ RunTime:0.000000s ]
INFO: [ app_init ] --END-- [ RunTime:0.000000s ]
INFO: [ app_begin ] --START--
INFO: Run Behavior\ReadHtmlCacheBehavior [ RunTime:0.001000s ]
INFO: [ app_begin ] --END-- [ RunTime:0.001000s ]
INFO: [ view_parse ] --START--
INFO: [ template_filter ] --START--
INFO: Run Behavior\ContentReplaceBehavior [ RunTime:0.000000s ]
INFO: [ template_filter ] --END-- [ RunTime:0.001000s ]
INFO: Run Behavior\ParseTemplateBehavior [ RunTime:0.006000s ]
INFO: [ view_parse ] --END-- [ RunTime:0.006000s ]
INFO: [ view_filter ] --START--
INFO: Run Behavior\WriteHtmlCacheBehavior [ RunTime:0.001000s ]
INFO: [ view_filter ] --END-- [ RunTime:0.001000s ]

[ 2016-12-23T14:10:55+08:00 ] ::1 /git/dingcan/Admin/Public/login
INFO: [ app_init ] --START--
INFO: Run Behavior\BuildLiteBehavior [ RunTime:0.000000s ]
INFO: [ app_init ] --END-- [ RunTime:0.001000s ]
INFO: [ app_begin ] --START--
INFO: Run Behavior\ReadHtmlCacheBehavior [ RunTime:0.001000s ]
INFO: [ app_begin ] --END-- [ RunTime:0.001000s ]
INFO: [ view_parse ] --START--
INFO: [ template_filter ] --START--
INFO: Run Behavior\ContentReplaceBehavior [ RunTime:0.000000s ]
INFO: [ template_filter ] --END-- [ RunTime:0.000000s ]
INFO: Run Behavior\ParseTemplateBehavior [ RunTime:0.007000s ]
INFO: [ view_parse ] --END-- [ RunTime:0.007000s ]
INFO: [ view_filter ] --START--
INFO: Run Behavior\WriteHtmlCacheBehavior [ RunTime:0.001000s ]
INFO: [ view_filter ] --END-- [ RunTime:0.001000s ]
INFO: [ app_end ] --START--
INFO: Run Behavior\ShowPageTraceBehavior [ RunTime:0.000000s ]
INFO: [ app_end ] --END-- [ RunTime:0.001000s ]

[ 2016-12-23T14:10:57+08:00 ] ::1 /git/dingcan/Admin/Public/getVerify
INFO: [ app_init ] --START--
INFO: Run Behavior\BuildLiteBehavior [ RunTime:0.000000s ]
INFO: [ app_init ] --END-- [ RunTime:0.000000s ]
INFO: [ app_begin ] --START--
INFO: Run Behavior\ReadHtmlCacheBehavior [ RunTime:0.001000s ]
INFO: [ app_begin ] --END-- [ RunTime:0.001000s ]
INFO: [ app_end ] --START--
INFO: Run Behavior\ShowPageTraceBehavior [ RunTime:0.001000s ]
INFO: [ app_end ] --END-- [ RunTime:0.001000s ]

[ 2016-12-23T14:11:06+08:00 ] ::1 /git/dingcan/Admin/Public/login
INFO: [ app_init ] --START--
INFO: Run Behavior\BuildLiteBehavior [ RunTime:0.000000s ]
INFO: [ app_init ] --END-- [ RunTime:0.000000s ]
INFO: [ app_begin ] --START--
INFO: Run Behavior\ReadHtmlCacheBehavior [ RunTime:0.000000s ]
INFO: [ app_begin ] --END-- [ RunTime:0.001000s ]
NOTIC: [2048] Declaration of Common\Model\AdminModel::add() should be compatible with Think\Model::add($data = '', $options = Array, $replace = false) D:\www\git\dingcan\Application\Common\Model\AdminModel.class.php 第 7 行.
NOTIC: [2048] Declaration of Common\Model\AdminModel::addAll() should be compatible with Think\Model::addAll($dataList, $options = Array, $replace = false) D:\www\git\dingcan\Application\Common\Model\AdminModel.class.php 第 7 行.
NOTIC: [2048] Declaration of Common\Model\AdminModel::save() should be compatible with Think\Model::save($data = '', $options = Array) D:\www\git\dingcan\Application\Common\Model\AdminModel.class.php 第 7 行.
SQL: SHOW COLUMNS FROM `wemall_admin` [ RunTime:0.0200s ]
SQL: SELECT * FROM `wemall_admin` WHERE `username` = 'admin' AND `password` = '21232f297a57a5a743894a0e4a801fc3' LIMIT 1   [ RunTime:0.0000s ]
NOTIC: [2048] Declaration of Common\Model\AuthGroupAccessModel::add() should be compatible with Think\Model::add($data = '', $options = Array, $replace = false) D:\www\git\dingcan\Application\Common\Model\AuthGroupAccessModel.class.php 第 23 行.
SQL: SHOW COLUMNS FROM `wemall_auth_group_access` [ RunTime:0.0020s ]
SQL: SELECT * FROM `wemall_auth_group_access` WHERE ( 1=1 AND uid='1' ) LIMIT 1   [ RunTime:0.0000s ]

[ 2016-12-23T14:11:06+08:00 ] ::1 /git/dingcan/Admin/Index/index
INFO: [ app_init ] --START--
INFO: Run Behavior\BuildLiteBehavior [ RunTime:0.000000s ]
INFO: [ app_init ] --END-- [ RunTime:0.000000s ]
INFO: [ app_begin ] --START--
INFO: Run Behavior\ReadHtmlCacheBehavior [ RunTime:0.000000s ]
INFO: [ app_begin ] --END-- [ RunTime:0.000000s ]
NOTIC: [2048] Declaration of Admin\Controller\BaseController::display() should be compatible with Think\Controller::display($templateFile = '', $charset = '', $contentType = '', $content = '', $prefix = '') D:\www\git\dingcan\Application\Admin\Controller\BaseController.class.php 第 77 行.
NOTIC: [2048] Declaration of Common\Model\OrderModel::add() should be compatible with Think\Model::add($data = '', $options = Array, $replace = false) D:\www\git\dingcan\Application\Common\Model\OrderModel.class.php 第 7 行.
NOTIC: [2048] Declaration of Common\Model\OrderModel::addAll() should be compatible with Think\Model::addAll($dataList, $options = Array, $replace = false) D:\www\git\dingcan\Application\Common\Model\OrderModel.class.php 第 7 行.
NOTIC: [2048] Declaration of Common\Model\OrderModel::save() should be compatible with Think\Model::save($data = '', $options = Array) D:\www\git\dingcan\Application\Common\Model\OrderModel.class.php 第 7 行.
SQL: SHOW COLUMNS FROM `wemall_order` [ RunTime:0.0020s ]
NOTIC: [2] Missing argument 3 for Common\Model\OrderModel::getMethod(), called in D:\www\git\dingcan\Application\Admin\Controller\IndexController.class.php on line 9 and defined D:\www\git\dingcan\Application\Common\Model\OrderModel.class.php 第 55 行.
SQL: SELECT COUNT(*) AS tp_count FROM `wemall_order` WHERE `status` = 0 LIMIT 1   [ RunTime:0.0000s ]
SQL: SELECT SUM(totalprice) AS tp_sum FROM `wemall_order` WHERE `status` = 0 LIMIT 1   [ RunTime:0.0010s ]
NOTIC: [2048] Declaration of Common\Model\UserModel::add() should be compatible with Think\Model::add($data = '', $options = Array, $replace = false) D:\www\git\dingcan\Application\Common\Model\UserModel.class.php 第 77 行.
NOTIC: [2048] Declaration of Common\Model\UserModel::addAll() should be compatible with Think\Model::addAll($dataList, $options = Array, $replace = false) D:\www\git\dingcan\Application\Common\Model\UserModel.class.php 第 77 行.
NOTIC: [2048] Declaration of Common\Model\UserModel::save() should be compatible with Think\Model::save($data = '', $options = Array) D:\www\git\dingcan\Application\Common\Model\UserModel.class.php 第 77 行.
SQL: SHOW COLUMNS FROM `wemall_user` [ RunTime:0.0020s ]
NOTIC: [2] Missing argument 3 for Common\Model\UserModel::getMethod(), called in D:\www\git\dingcan\Application\Admin\Controller\IndexController.class.php on line 15 and defined D:\www\git\dingcan\Application\Common\Model\UserModel.class.php 第 45 行.
SQL: SELECT COUNT(*) AS tp_count FROM `wemall_user` LIMIT 1   [ RunTime:0.0000s ]
NOTIC: [2] Missing argument 3 for Common\Model\OrderModel::getMethod(), called in D:\www\git\dingcan\Application\Admin\Controller\IndexController.class.php on line 18 and defined D:\www\git\dingcan\Application\Common\Model\OrderModel.class.php 第 55 行.
SQL: SELECT COUNT(*) AS tp_count FROM `wemall_order` LIMIT 1   [ RunTime:0.0000s ]
SQL: SELECT SUM(totalprice) AS tp_sum FROM `wemall_order` LIMIT 1   [ RunTime:0.0010s ]
INFO: [ view_parse ] --START--
INFO: [ template_filter ] --START--
INFO: Run Behavior\ContentReplaceBehavior [ RunTime:0.000000s ]
INFO: [ template_filter ] --END-- [ RunTime:0.000000s ]
NOTIC: [8] Undefined variable: ip D:\www\git\dingcan\Application\Runtime\Cache\Admin\b595b808c2ebeeeb0478ffc30bb4e87a.php 第 387 行.
INFO: Run Behavior\ParseTemplateBehavior [ RunTime:0.015001s ]
INFO: [ view_parse ] --END-- [ RunTime:0.015001s ]
INFO: [ view_filter ] --START--
INFO: Run Behavior\WriteHtmlCacheBehavior [ RunTime:0.001000s ]
INFO: [ view_filter ] --END-- [ RunTime:0.001000s ]
INFO: [ app_end ] --START--
INFO: Run Behavior\ShowPageTraceBehavior [ RunTime:0.000000s ]
INFO: [ app_end ] --END-- [ RunTime:0.001000s ]

[ 2016-12-23T14:11:10+08:00 ] ::1 /git/dingcan/Admin/Index/userChart?_pjax=%23pjax-container
INFO: [ app_init ] --START--
INFO: Run Behavior\BuildLiteBehavior [ RunTime:0.000000s ]
INFO: [ app_init ] --END-- [ RunTime:0.000000s ]
INFO: [ app_begin ] --START--
INFO: Run Behavior\ReadHtmlCacheBehavior [ RunTime:0.000000s ]
INFO: [ app_begin ] --END-- [ RunTime:0.000000s ]
NOTIC: [2048] Declaration of Admin\Controller\BaseController::display() should be compatible with Think\Controller::display($templateFile = '', $charset = '', $contentType = '', $content = '', $prefix = '') D:\www\git\dingcan\Application\Admin\Controller\BaseController.class.php 第 77 行.
NOTIC: [2048] Declaration of Common\Model\UserModel::add() should be compatible with Think\Model::add($data = '', $options = Array, $replace = false) D:\www\git\dingcan\Application\Common\Model\UserModel.class.php 第 7 行.
NOTIC: [2048] Declaration of Common\Model\UserModel::addAll() should be compatible with Think\Model::addAll($dataList, $options = Array, $replace = false) D:\www\git\dingcan\Application\Common\Model\UserModel.class.php 第 7 行.
NOTIC: [2048] Declaration of Common\Model\UserModel::save() should be compatible with Think\Model::save($data = '', $options = Array) D:\www\git\dingcan\Application\Common\Model\UserModel.class.php 第 7 行.
SQL: SHOW COLUMNS FROM `wemall_user` [ RunTime:0.0020s ]
NOTIC: [2] Missing argument 3 for Common\Model\UserModel::getMethod(), called in D:\www\git\dingcan\Application\Admin\Controller\IndexController.class.php on line 29 and defined D:\www\git\dingcan\Application\Common\Model\UserModel.class.php 第 45 行.
SQL: SELECT COUNT(*) AS tp_count FROM `wemall_user` LIMIT 1   [ RunTime:0.0010s ]
NOTIC: [2] Missing argument 3 for Common\Model\UserModel::getMethod(), called in D:\www\git\dingcan\Application\Admin\Controller\IndexController.class.php on line 30 and defined D:\www\git\dingcan\Application\Common\Model\UserModel.class.php 第 45 行.
SQL: SELECT COUNT(*) AS tp_count FROM `wemall_user` WHERE `buy_num` > 0 LIMIT 1   [ RunTime:0.0000s ]
SQL: SHOW COLUMNS FROM `wemall_analysis` [ RunTime:0.0020s ]
SQL: SELECT * FROM `wemall_analysis` WHERE `time` LIKE '2016-12-22%' LIMIT 1   [ RunTime:0.0000s ]
SQL: SELECT * FROM `wemall_analysis` WHERE `time` LIKE '2016-12-23%' LIMIT 1   [ RunTime:0.0010s ]
SQL: SELECT * FROM `wemall_analysis` WHERE ( `time` LIKE '2016-12-23%' OR `time` LIKE '2016-12-22%' OR `time` LIKE '2016-12-21%' OR `time` LIKE '2016-12-20%' OR `time` LIKE '2016-12-19%' OR `time` LIKE '2016-12-18%' OR `time` LIKE '2016-12-17%' OR `time` LIKE '2016-12-16%' OR `time` LIKE '2016-12-15%' OR `time` LIKE '2016-12-14%' OR `time` LIKE '2016-12-13%' OR `time` LIKE '2016-12-12%' OR `time` LIKE '2016-12-11%' OR `time` LIKE '2016-12-10%' OR `time` LIKE '2016-12-09%' OR `time` LIKE '2016-12-08%' OR `time` LIKE '2016-12-07%' OR `time` LIKE '2016-12-06%' OR `time` LIKE '2016-12-05%' OR `time` LIKE '2016-12-04%' OR `time` LIKE '2016-12-03%' OR `time` LIKE '2016-12-02%' ) ORDER BY id desc  [ RunTime:0.0010s ]
NOTIC: [2] Missing argument 3 for Common\Model\UserModel::getMethod(), called in D:\www\git\dingcan\Application\Admin\Controller\IndexController.class.php on line 54 and defined D:\www\git\dingcan\Application\Common\Model\UserModel.class.php 第 45 行.
SQL: SELECT COUNT(*) AS tp_count FROM `wemall_user` WHERE `ctime` LIKE '2016-12-23%' AND `buy_num` > 0 LIMIT 1   [ RunTime:0.0000s ]
NOTIC: [2] Division by zero D:\www\git\dingcan\Application\Admin\Controller\IndexController.class.php 第 55 行.
INFO: [ view_parse ] --START--
INFO: [ template_filter ] --START--
INFO: Run Behavior\ContentReplaceBehavior [ RunTime:0.000000s ]
INFO: [ template_filter ] --END-- [ RunTime:0.000000s ]
INFO: Run Behavior\ParseTemplateBehavior [ RunTime:0.006000s ]
INFO: [ view_parse ] --END-- [ RunTime:0.006000s ]
INFO: [ view_filter ] --START--
INFO: Run Behavior\WriteHtmlCacheBehavior [ RunTime:0.001000s ]
INFO: [ view_filter ] --END-- [ RunTime:0.001000s ]
INFO: [ app_end ] --START--
INFO: Run Behavior\ShowPageTraceBehavior [ RunTime:0.000000s ]
INFO: [ app_end ] --END-- [ RunTime:0.000000s ]

[ 2016-12-23T14:11:12+08:00 ] ::1 /git/dingcan/Admin/Index/orderChart?_pjax=%23pjax-container
INFO: [ app_init ] --START--
INFO: Run Behavior\BuildLiteBehavior [ RunTime:0.000000s ]
INFO: [ app_init ] --END-- [ RunTime:0.001000s ]
INFO: [ app_begin ] --START--
INFO: Run Behavior\ReadHtmlCacheBehavior [ RunTime:0.001000s ]
INFO: [ app_begin ] --END-- [ RunTime:0.001000s ]
NOTIC: [2048] Declaration of Admin\Controller\BaseController::display() should be compatible with Think\Controller::display($templateFile = '', $charset = '', $contentType = '', $content = '', $prefix = '') D:\www\git\dingcan\Application\Admin\Controller\BaseController.class.php 第 77 行.
SQL: SHOW COLUMNS FROM `wemall_analysis` [ RunTime:0.0020s ]
SQL: SELECT * FROM `wemall_analysis` WHERE `time` LIKE '2016-12-22%' LIMIT 1   [ RunTime:0.0010s ]
SQL: SELECT * FROM `wemall_analysis` WHERE `time` LIKE '2016-12-23%' LIMIT 1   [ RunTime:0.0000s ]
SQL: SELECT * FROM `wemall_analysis` WHERE ( `time` LIKE '2016-12-23%' OR `time` LIKE '2016-12-22%' OR `time` LIKE '2016-12-21%' OR `time` LIKE '2016-12-20%' OR `time` LIKE '2016-12-19%' OR `time` LIKE '2016-12-18%' OR `time` LIKE '2016-12-17%' OR `time` LIKE '2016-12-16%' OR `time` LIKE '2016-12-15%' OR `time` LIKE '2016-12-14%' OR `time` LIKE '2016-12-13%' OR `time` LIKE '2016-12-12%' OR `time` LIKE '2016-12-11%' OR `time` LIKE '2016-12-10%' OR `time` LIKE '2016-12-09%' OR `time` LIKE '2016-12-08%' OR `time` LIKE '2016-12-07%' OR `time` LIKE '2016-12-06%' OR `time` LIKE '2016-12-05%' OR `time` LIKE '2016-12-04%' OR `time` LIKE '2016-12-03%' OR `time` LIKE '2016-12-02%' ) ORDER BY id desc  [ RunTime:0.0000s ]
INFO: [ view_parse ] --START--
INFO: [ template_filter ] --START--
INFO: Run Behavior\ContentReplaceBehavior [ RunTime:0.000000s ]
INFO: [ template_filter ] --END-- [ RunTime:0.000000s ]
INFO: Run Behavior\ParseTemplateBehavior [ RunTime:0.008001s ]
INFO: [ view_parse ] --END-- [ RunTime:0.008001s ]
INFO: [ view_filter ] --START--
INFO: Run Behavior\WriteHtmlCacheBehavior [ RunTime:0.001000s ]
INFO: [ view_filter ] --END-- [ RunTime:0.001000s ]
INFO: [ app_end ] --START--
INFO: Run Behavior\ShowPageTraceBehavior [ RunTime:0.000000s ]
INFO: [ app_end ] --END-- [ RunTime:0.000000s ]

[ 2016-12-23T14:11:14+08:00 ] ::1 /git/dingcan/Admin/Index/productChart?_pjax=%23pjax-container
INFO: [ app_init ] --START--
INFO: Run Behavior\BuildLiteBehavior [ RunTime:0.000000s ]
INFO: [ app_init ] --END-- [ RunTime:0.000000s ]
INFO: [ app_begin ] --START--
INFO: Run Behavior\ReadHtmlCacheBehavior [ RunTime:0.001000s ]
INFO: [ app_begin ] --END-- [ RunTime:0.001000s ]
NOTIC: [2048] Declaration of Admin\Controller\BaseController::display() should be compatible with Think\Controller::display($templateFile = '', $charset = '', $contentType = '', $content = '', $prefix = '') D:\www\git\dingcan\Application\Admin\Controller\BaseController.class.php 第 77 行.
NOTIC: [2048] Declaration of Common\Model\ProductSkuModel::add() should be compatible with Think\Model::add($data = '', $options = Array, $replace = false) D:\www\git\dingcan\Application\Common\Model\ProductSkuModel.class.php 第 8 行.
NOTIC: [2048] Declaration of Common\Model\ProductSkuModel::addAll() should be compatible with Think\Model::addAll($dataList, $options = Array, $replace = false) D:\www\git\dingcan\Application\Common\Model\ProductSkuModel.class.php 第 8 行.
NOTIC: [2048] Declaration of Common\Model\ProductSkuModel::save() should be compatible with Think\Model::save($data = '', $options = Array) D:\www\git\dingcan\Application\Common\Model\ProductSkuModel.class.php 第 8 行.
SQL: SHOW COLUMNS FROM `wemall_product_sku` [ RunTime:0.0030s ]
SQL: SELECT * FROM `wemall_product_sku` ORDER BY id desc  [ RunTime:0.0170s ]
NOTIC: [2048] Declaration of Common\Model\ProductModel::add() should be compatible with Think\Model::add($data = '', $options = Array, $replace = false) D:\www\git\dingcan\Application\Common\Model\ProductModel.class.php 第 185 行.
NOTIC: [2048] Declaration of Common\Model\ProductModel::addAll() should be compatible with Think\Model::addAll($dataList, $options = Array, $replace = false) D:\www\git\dingcan\Application\Common\Model\ProductModel.class.php 第 185 行.
NOTIC: [2048] Declaration of Common\Model\ProductModel::save() should be compatible with Think\Model::save($data = '', $options = Array) D:\www\git\dingcan\Application\Common\Model\ProductModel.class.php 第 185 行.
SQL: SHOW COLUMNS FROM `wemall_product` [ RunTime:0.0030s ]
SQL: SELECT * FROM `wemall_product` WHERE ( 1=1 AND id='21' ) LIMIT 1   [ RunTime:0.0000s ]
SQL: SELECT * FROM `wemall_product` WHERE ( 1=1 AND id='21' ) LIMIT 1   [ RunTime:0.0000s ]
INFO: [ view_parse ] --START--
INFO: [ template_filter ] --START--
INFO: Run Behavior\ContentReplaceBehavior [ RunTime:0.000000s ]
INFO: [ template_filter ] --END-- [ RunTime:0.000000s ]
INFO: Run Behavior\ParseTemplateBehavior [ RunTime:0.009001s ]
INFO: [ view_parse ] --END-- [ RunTime:0.009001s ]
INFO: [ view_filter ] --START--
INFO: Run Behavior\WriteHtmlCacheBehavior [ RunTime:0.001000s ]
INFO: [ view_filter ] --END-- [ RunTime:0.001000s ]
INFO: [ app_end ] --START--
INFO: Run Behavior\ShowPageTraceBehavior [ RunTime:0.001000s ]
INFO: [ app_end ] --END-- [ RunTime:0.001000s ]

[ 2016-12-23T14:11:17+08:00 ] ::1 /git/dingcan/Admin/Index/index?_pjax=%23pjax-container
INFO: [ app_init ] --START--
INFO: Run Behavior\BuildLiteBehavior [ RunTime:0.000000s ]
INFO: [ app_init ] --END-- [ RunTime:0.000000s ]
INFO: [ app_begin ] --START--
INFO: Run Behavior\ReadHtmlCacheBehavior [ RunTime:0.001000s ]
INFO: [ app_begin ] --END-- [ RunTime:0.001000s ]
NOTIC: [2048] Declaration of Admin\Controller\BaseController::display() should be compatible with Think\Controller::display($templateFile = '', $charset = '', $contentType = '', $content = '', $prefix = '') D:\www\git\dingcan\Application\Admin\Controller\BaseController.class.php 第 77 行.
NOTIC: [2048] Declaration of Common\Model\OrderModel::add() should be compatible with Think\Model::add($data = '', $options = Array, $replace = false) D:\www\git\dingcan\Application\Common\Model\OrderModel.class.php 第 7 行.
NOTIC: [2048] Declaration of Common\Model\OrderModel::addAll() should be compatible with Think\Model::addAll($dataList, $options = Array, $replace = false) D:\www\git\dingcan\Application\Common\Model\OrderModel.class.php 第 7 行.
NOTIC: [2048] Declaration of Common\Model\OrderModel::save() should be compatible with Think\Model::save($data = '', $options = Array) D:\www\git\dingcan\Application\Common\Model\OrderModel.class.php 第 7 行.
SQL: SHOW COLUMNS FROM `wemall_order` [ RunTime:0.0300s ]
NOTIC: [2] Missing argument 3 for Common\Model\OrderModel::getMethod(), called in D:\www\git\dingcan\Application\Admin\Controller\IndexController.class.php on line 9 and defined D:\www\git\dingcan\Application\Common\Model\OrderModel.class.php 第 55 行.
SQL: SELECT COUNT(*) AS tp_count FROM `wemall_order` WHERE `status` = 0 LIMIT 1   [ RunTime:0.0000s ]
SQL: SELECT SUM(totalprice) AS tp_sum FROM `wemall_order` WHERE `status` = 0 LIMIT 1   [ RunTime:0.0000s ]
NOTIC: [2048] Declaration of Common\Model\UserModel::add() should be compatible with Think\Model::add($data = '', $options = Array, $replace = false) D:\www\git\dingcan\Application\Common\Model\UserModel.class.php 第 77 行.
NOTIC: [2048] Declaration of Common\Model\UserModel::addAll() should be compatible with Think\Model::addAll($dataList, $options = Array, $replace = false) D:\www\git\dingcan\Application\Common\Model\UserModel.class.php 第 77 行.
NOTIC: [2048] Declaration of Common\Model\UserModel::save() should be compatible with Think\Model::save($data = '', $options = Array) D:\www\git\dingcan\Application\Common\Model\UserModel.class.php 第 77 行.
SQL: SHOW COLUMNS FROM `wemall_user` [ RunTime:0.0030s ]
NOTIC: [2] Missing argument 3 for Common\Model\UserModel::getMethod(), called in D:\www\git\dingcan\Application\Admin\Controller\IndexController.class.php on line 15 and defined D:\www\git\dingcan\Application\Common\Model\UserModel.class.php 第 45 行.
SQL: SELECT COUNT(*) AS tp_count FROM `wemall_user` LIMIT 1   [ RunTime:0.0000s ]
NOTIC: [2] Missing argument 3 for Common\Model\OrderModel::getMethod(), called in D:\www\git\dingcan\Application\Admin\Controller\IndexController.class.php on line 18 and defined D:\www\git\dingcan\Application\Common\Model\OrderModel.class.php 第 55 行.
SQL: SELECT COUNT(*) AS tp_count FROM `wemall_order` LIMIT 1   [ RunTime:0.0010s ]
SQL: SELECT SUM(totalprice) AS tp_sum FROM `wemall_order` LIMIT 1   [ RunTime:0.0000s ]
INFO: [ view_parse ] --START--
INFO: [ template_filter ] --START--
INFO: Run Behavior\ContentReplaceBehavior [ RunTime:0.000000s ]
INFO: [ template_filter ] --END-- [ RunTime:0.000000s ]
NOTIC: [8] Undefined variable: ip D:\www\git\dingcan\Application\Runtime\Cache\Admin\b595b808c2ebeeeb0478ffc30bb4e87a.php 第 102 行.
INFO: Run Behavior\ParseTemplateBehavior [ RunTime:0.006000s ]
INFO: [ view_parse ] --END-- [ RunTime:0.007000s ]
INFO: [ view_filter ] --START--
INFO: Run Behavior\WriteHtmlCacheBehavior [ RunTime:0.001000s ]
INFO: [ view_filter ] --END-- [ RunTime:0.001000s ]
INFO: [ app_end ] --START--
INFO: Run Behavior\ShowPageTraceBehavior [ RunTime:0.000000s ]
INFO: [ app_end ] --END-- [ RunTime:0.000000s ]

[ 2016-12-23T14:11:21+08:00 ] ::1 /git/dingcan/Admin/Index/userChart?_pjax=%23pjax-container
INFO: [ app_init ] --START--
INFO: Run Behavior\BuildLiteBehavior [ RunTime:0.000000s ]
INFO: [ app_init ] --END-- [ RunTime:0.000000s ]
INFO: [ app_begin ] --START--
INFO: Run Behavior\ReadHtmlCacheBehavior [ RunTime:0.001001s ]
INFO: [ app_begin ] --END-- [ RunTime:0.001001s ]
NOTIC: [2048] Declaration of Admin\Controller\BaseController::display() should be compatible with Think\Controller::display($templateFile = '', $charset = '', $contentType = '', $content = '', $prefix = '') D:\www\git\dingcan\Application\Admin\Controller\BaseController.class.php 第 77 行.
NOTIC: [2048] Declaration of Common\Model\UserModel::add() should be compatible with Think\Model::add($data = '', $options = Array, $replace = false) D:\www\git\dingcan\Application\Common\Model\UserModel.class.php 第 7 行.
NOTIC: [2048] Declaration of Common\Model\UserModel::addAll() should be compatible with Think\Model::addAll($dataList, $options = Array, $replace = false) D:\www\git\dingcan\Application\Common\Model\UserModel.class.php 第 7 行.
NOTIC: [2048] Declaration of Common\Model\UserModel::save() should be compatible with Think\Model::save($data = '', $options = Array) D:\www\git\dingcan\Application\Common\Model\UserModel.class.php 第 7 行.
SQL: SHOW COLUMNS FROM `wemall_user` [ RunTime:0.0020s ]
NOTIC: [2] Missing argument 3 for Common\Model\UserModel::getMethod(), called in D:\www\git\dingcan\Application\Admin\Controller\IndexController.class.php on line 29 and defined D:\www\git\dingcan\Application\Common\Model\UserModel.class.php 第 45 行.
SQL: SELECT COUNT(*) AS tp_count FROM `wemall_user` LIMIT 1   [ RunTime:0.0010s ]
NOTIC: [2] Missing argument 3 for Common\Model\UserModel::getMethod(), called in D:\www\git\dingcan\Application\Admin\Controller\IndexController.class.php on line 30 and defined D:\www\git\dingcan\Application\Common\Model\UserModel.class.php 第 45 行.
SQL: SELECT COUNT(*) AS tp_count FROM `wemall_user` WHERE `buy_num` > 0 LIMIT 1   [ RunTime:0.0000s ]
SQL: SHOW COLUMNS FROM `wemall_analysis` [ RunTime:0.0010s ]
SQL: SELECT * FROM `wemall_analysis` WHERE `time` LIKE '2016-12-22%' LIMIT 1   [ RunTime:0.0000s ]
SQL: SELECT * FROM `wemall_analysis` WHERE `time` LIKE '2016-12-23%' LIMIT 1   [ RunTime:0.0000s ]
SQL: SELECT * FROM `wemall_analysis` WHERE ( `time` LIKE '2016-12-23%' OR `time` LIKE '2016-12-22%' OR `time` LIKE '2016-12-21%' OR `time` LIKE '2016-12-20%' OR `time` LIKE '2016-12-19%' OR `time` LIKE '2016-12-18%' OR `time` LIKE '2016-12-17%' OR `time` LIKE '2016-12-16%' OR `time` LIKE '2016-12-15%' OR `time` LIKE '2016-12-14%' OR `time` LIKE '2016-12-13%' OR `time` LIKE '2016-12-12%' OR `time` LIKE '2016-12-11%' OR `time` LIKE '2016-12-10%' OR `time` LIKE '2016-12-09%' OR `time` LIKE '2016-12-08%' OR `time` LIKE '2016-12-07%' OR `time` LIKE '2016-12-06%' OR `time` LIKE '2016-12-05%' OR `time` LIKE '2016-12-04%' OR `time` LIKE '2016-12-03%' OR `time` LIKE '2016-12-02%' ) ORDER BY id desc  [ RunTime:0.0010s ]
NOTIC: [2] Missing argument 3 for Common\Model\UserModel::getMethod(), called in D:\www\git\dingcan\Application\Admin\Controller\IndexController.class.php on line 54 and defined D:\www\git\dingcan\Application\Common\Model\UserModel.class.php 第 45 行.
SQL: SELECT COUNT(*) AS tp_count FROM `wemall_user` WHERE `ctime` LIKE '2016-12-23%' AND `buy_num` > 0 LIMIT 1   [ RunTime:0.0010s ]
NOTIC: [2] Division by zero D:\www\git\dingcan\Application\Admin\Controller\IndexController.class.php 第 55 行.
INFO: [ view_parse ] --START--
INFO: [ template_filter ] --START--
INFO: Run Behavior\ContentReplaceBehavior [ RunTime:0.000000s ]
INFO: [ template_filter ] --END-- [ RunTime:0.000000s ]
INFO: Run Behavior\ParseTemplateBehavior [ RunTime:0.007000s ]
INFO: [ view_parse ] --END-- [ RunTime:0.007000s ]
INFO: [ view_filter ] --START--
INFO: Run Behavior\WriteHtmlCacheBehavior [ RunTime:0.000000s ]
INFO: [ view_filter ] --END-- [ RunTime:0.000000s ]
INFO: [ app_end ] --START--
INFO: Run Behavior\ShowPageTraceBehavior [ RunTime:0.001000s ]
INFO: [ app_end ] --END-- [ RunTime:0.001000s ]

[ 2016-12-23T14:11:26+08:00 ] ::1 /git/dingcan/Admin/Index/orderChart?_pjax=%23pjax-container
INFO: [ app_init ] --START--
INFO: Run Behavior\BuildLiteBehavior [ RunTime:0.000000s ]
INFO: [ app_init ] --END-- [ RunTime:0.000000s ]
INFO: [ app_begin ] --START--
INFO: Run Behavior\ReadHtmlCacheBehavior [ RunTime:0.000000s ]
INFO: [ app_begin ] --END-- [ RunTime:0.000000s ]
NOTIC: [2048] Declaration of Admin\Controller\BaseController::display() should be compatible with Think\Controller::display($templateFile = '', $charset = '', $contentType = '', $content = '', $prefix = '') D:\www\git\dingcan\Application\Admin\Controller\BaseController.class.php 第 77 行.
SQL: SHOW COLUMNS FROM `wemall_analysis` [ RunTime:0.0010s ]
SQL: SELECT * FROM `wemall_analysis` WHERE `time` LIKE '2016-12-22%' LIMIT 1   [ RunTime:0.0010s ]
SQL: SELECT * FROM `wemall_analysis` WHERE `time` LIKE '2016-12-23%' LIMIT 1   [ RunTime:0.0000s ]
SQL: SELECT * FROM `wemall_analysis` WHERE ( `time` LIKE '2016-12-23%' OR `time` LIKE '2016-12-22%' OR `time` LIKE '2016-12-21%' OR `time` LIKE '2016-12-20%' OR `time` LIKE '2016-12-19%' OR `time` LIKE '2016-12-18%' OR `time` LIKE '2016-12-17%' OR `time` LIKE '2016-12-16%' OR `time` LIKE '2016-12-15%' OR `time` LIKE '2016-12-14%' OR `time` LIKE '2016-12-13%' OR `time` LIKE '2016-12-12%' OR `time` LIKE '2016-12-11%' OR `time` LIKE '2016-12-10%' OR `time` LIKE '2016-12-09%' OR `time` LIKE '2016-12-08%' OR `time` LIKE '2016-12-07%' OR `time` LIKE '2016-12-06%' OR `time` LIKE '2016-12-05%' OR `time` LIKE '2016-12-04%' OR `time` LIKE '2016-12-03%' OR `time` LIKE '2016-12-02%' ) ORDER BY id desc  [ RunTime:0.0010s ]
INFO: [ view_parse ] --START--
INFO: [ template_filter ] --START--
INFO: Run Behavior\ContentReplaceBehavior [ RunTime:0.000000s ]
INFO: [ template_filter ] --END-- [ RunTime:0.000000s ]
INFO: Run Behavior\ParseTemplateBehavior [ RunTime:0.008001s ]
INFO: [ view_parse ] --END-- [ RunTime:0.008001s ]
INFO: [ view_filter ] --START--
INFO: Run Behavior\WriteHtmlCacheBehavior [ RunTime:0.000000s ]
INFO: [ view_filter ] --END-- [ RunTime:0.000000s ]
INFO: [ app_end ] --START--
INFO: Run Behavior\ShowPageTraceBehavior [ RunTime:0.001000s ]
INFO: [ app_end ] --END-- [ RunTime:0.001000s ]

[ 2016-12-23T14:18:41+08:00 ] ::1 /git/dingcan/Admin/Weixin/wxSet?_pjax=%23pjax-container
INFO: [ app_init ] --START--
INFO: Run Behavior\BuildLiteBehavior [ RunTime:0.000000s ]
INFO: [ app_init ] --END-- [ RunTime:0.000000s ]
INFO: [ app_begin ] --START--
INFO: Run Behavior\ReadHtmlCacheBehavior [ RunTime:0.001000s ]
INFO: [ app_begin ] --END-- [ RunTime:0.001000s ]
NOTIC: [2048] Declaration of Admin\Controller\BaseController::display() should be compatible with Think\Controller::display($templateFile = '', $charset = '', $contentType = '', $content = '', $prefix = '') D:\www\git\dingcan\Application\Admin\Controller\BaseController.class.php 第 77 行.
NOTIC: [2048] Declaration of Common\Model\WxConfigModel::add() should be compatible with Think\Model::add($data = '', $options = Array, $replace = false) D:\www\git\dingcan\Application\Common\Model\WxConfigModel.class.php 第 7 行.
NOTIC: [2048] Declaration of Common\Model\WxConfigModel::addAll() should be compatible with Think\Model::addAll($dataList, $options = Array, $replace = false) D:\www\git\dingcan\Application\Common\Model\WxConfigModel.class.php 第 7 行.
NOTIC: [2048] Declaration of Common\Model\WxConfigModel::save() should be compatible with Think\Model::save($data = '', $options = Array) D:\www\git\dingcan\Application\Common\Model\WxConfigModel.class.php 第 7 行.
SQL: SHOW COLUMNS FROM `wemall_wx_config` [ RunTime:0.0020s ]
SQL: SELECT * FROM `wemall_wx_config` LIMIT 1   [ RunTime:0.0010s ]
INFO: [ view_parse ] --START--
INFO: [ template_filter ] --START--
INFO: Run Behavior\ContentReplaceBehavior [ RunTime:0.000000s ]
INFO: [ template_filter ] --END-- [ RunTime:0.000000s ]
INFO: Run Behavior\ParseTemplateBehavior [ RunTime:0.008000s ]
INFO: [ view_parse ] --END-- [ RunTime:0.008000s ]
INFO: [ view_filter ] --START--
INFO: Run Behavior\WriteHtmlCacheBehavior [ RunTime:0.000000s ]
INFO: [ view_filter ] --END-- [ RunTime:0.000000s ]
INFO: [ app_end ] --START--
INFO: Run Behavior\ShowPageTraceBehavior [ RunTime:0.001000s ]
INFO: [ app_end ] --END-- [ RunTime:0.001000s ]

[ 2016-12-23T14:18:43+08:00 ] ::1 /git/dingcan/Admin/Weixin/wxMenuSet?_pjax=%23pjax-container
INFO: [ app_init ] --START--
INFO: Run Behavior\BuildLiteBehavior [ RunTime:0.000000s ]
INFO: [ app_init ] --END-- [ RunTime:0.000000s ]
INFO: [ app_begin ] --START--
INFO: Run Behavior\ReadHtmlCacheBehavior [ RunTime:0.001000s ]
INFO: [ app_begin ] --END-- [ RunTime:0.001000s ]
NOTIC: [2048] Declaration of Admin\Controller\BaseController::display() should be compatible with Think\Controller::display($templateFile = '', $charset = '', $contentType = '', $content = '', $prefix = '') D:\www\git\dingcan\Application\Admin\Controller\BaseController.class.php 第 77 行.
NOTIC: [2048] Declaration of Common\Model\WxMenuModel::add() should be compatible with Think\Model::add($data = '', $options = Array, $replace = false) D:\www\git\dingcan\Application\Common\Model\WxMenuModel.class.php 第 7 行.
NOTIC: [2048] Declaration of Common\Model\WxMenuModel::addAll() should be compatible with Think\Model::addAll($dataList, $options = Array, $replace = false) D:\www\git\dingcan\Application\Common\Model\WxMenuModel.class.php 第 7 行.
NOTIC: [2048] Declaration of Common\Model\WxMenuModel::save() should be compatible with Think\Model::save($data = '', $options = Array) D:\www\git\dingcan\Application\Common\Model\WxMenuModel.class.php 第 7 行.
SQL: SHOW COLUMNS FROM `wemall_wx_menu` [ RunTime:0.0020s ]
SQL: SELECT * FROM `wemall_wx_menu` ORDER BY id desc  [ RunTime:0.0000s ]
INFO: [ view_parse ] --START--
INFO: [ template_filter ] --START--
INFO: Run Behavior\ContentReplaceBehavior [ RunTime:0.000000s ]
INFO: [ template_filter ] --END-- [ RunTime:0.001000s ]
INFO: Run Behavior\ParseTemplateBehavior [ RunTime:0.009001s ]
INFO: [ view_parse ] --END-- [ RunTime:0.009001s ]
INFO: [ view_filter ] --START--
INFO: Run Behavior\WriteHtmlCacheBehavior [ RunTime:0.001000s ]
INFO: [ view_filter ] --END-- [ RunTime:0.001000s ]
INFO: [ app_end ] --START--
INFO: Run Behavior\ShowPageTraceBehavior [ RunTime:0.000000s ]
INFO: [ app_end ] --END-- [ RunTime:0.000000s ]

[ 2016-12-23T14:18:45+08:00 ] ::1 /git/dingcan/Admin/Weixin/wxReplySet?_pjax=%23pjax-container
INFO: [ app_init ] --START--
INFO: Run Behavior\BuildLiteBehavior [ RunTime:0.000000s ]
INFO: [ app_init ] --END-- [ RunTime:0.000000s ]
INFO: [ app_begin ] --START--
INFO: Run Behavior\ReadHtmlCacheBehavior [ RunTime:0.001000s ]
INFO: [ app_begin ] --END-- [ RunTime:0.001000s ]
NOTIC: [2048] Declaration of Admin\Controller\BaseController::display() should be compatible with Think\Controller::display($templateFile = '', $charset = '', $contentType = '', $content = '', $prefix = '') D:\www\git\dingcan\Application\Admin\Controller\BaseController.class.php 第 77 行.
NOTIC: [2048] Declaration of Common\Model\WxReplyModel::add() should be compatible with Think\Model::add($data = '', $options = Array, $replace = false) D:\www\git\dingcan\Application\Common\Model\WxReplyModel.class.php 第 7 行.
NOTIC: [2048] Declaration of Common\Model\WxReplyModel::addAll() should be compatible with Think\Model::addAll($dataList, $options = Array, $replace = false) D:\www\git\dingcan\Application\Common\Model\WxReplyModel.class.php 第 7 行.
NOTIC: [2048] Declaration of Common\Model\WxReplyModel::save() should be compatible with Think\Model::save($data = '', $options = Array) D:\www\git\dingcan\Application\Common\Model\WxReplyModel.class.php 第 7 行.
SQL: SHOW COLUMNS FROM `wemall_wx_reply` [ RunTime:0.0020s ]
SQL: SELECT * FROM `wemall_wx_reply` ORDER BY id desc  [ RunTime:0.0000s ]
NOTIC: [2048] Declaration of Common\Model\FileModel::add() should be compatible with Think\Model::add($data = '', $options = Array, $replace = false) D:\www\git\dingcan\Application\Common\Model\FileModel.class.php 第 111 行.
NOTIC: [2048] Declaration of Common\Model\FileModel::addAll() should be compatible with Think\Model::addAll($dataList, $options = Array, $replace = false) D:\www\git\dingcan\Application\Common\Model\FileModel.class.php 第 111 行.
NOTIC: [2048] Declaration of Common\Model\FileModel::save() should be compatible with Think\Model::save($data = '', $options = Array) D:\www\git\dingcan\Application\Common\Model\FileModel.class.php 第 111 行.
SQL: SHOW COLUMNS FROM `wemall_file` [ RunTime:0.0020s ]
SQL: SELECT * FROM `wemall_file` WHERE ( 1=1 AND id='28' ) LIMIT 1   [ RunTime:0.0000s ]
SQL: SELECT * FROM `wemall_file` WHERE ( 1=1 AND id='23' ) LIMIT 1   [ RunTime:0.0010s ]
INFO: [ view_parse ] --START--
INFO: [ template_filter ] --START--
INFO: Run Behavior\ContentReplaceBehavior [ RunTime:0.000000s ]
INFO: [ template_filter ] --END-- [ RunTime:0.000000s ]
INFO: Run Behavior\ParseTemplateBehavior [ RunTime:0.008001s ]
INFO: [ view_parse ] --END-- [ RunTime:0.008001s ]
INFO: [ view_filter ] --START--
INFO: Run Behavior\WriteHtmlCacheBehavior [ RunTime:0.000000s ]
INFO: [ view_filter ] --END-- [ RunTime:0.000000s ]
INFO: [ app_end ] --START--
INFO: Run Behavior\ShowPageTraceBehavior [ RunTime:0.000000s ]
INFO: [ app_end ] --END-- [ RunTime:0.000000s ]

[ 2016-12-23T14:18:50+08:00 ] ::1 /git/dingcan/Admin/Artical/artical?_pjax=%23pjax-container
INFO: [ app_init ] --START--
INFO: Run Behavior\BuildLiteBehavior [ RunTime:0.000000s ]
INFO: [ app_init ] --END-- [ RunTime:0.000000s ]
INFO: [ app_begin ] --START--
INFO: Run Behavior\ReadHtmlCacheBehavior [ RunTime:0.000000s ]
INFO: [ app_begin ] --END-- [ RunTime:0.001000s ]
NOTIC: [2048] Declaration of Admin\Controller\BaseController::display() should be compatible with Think\Controller::display($templateFile = '', $charset = '', $contentType = '', $content = '', $prefix = '') D:\www\git\dingcan\Application\Admin\Controller\BaseController.class.php 第 77 行.
NOTIC: [2048] Declaration of Common\Model\ArticalModel::add() should be compatible with Think\Model::add($data = '', $options = Array, $replace = false) D:\www\git\dingcan\Application\Common\Model\ArticalModel.class.php 第 7 行.
NOTIC: [2048] Declaration of Common\Model\ArticalModel::addAll() should be compatible with Think\Model::addAll($dataList, $options = Array, $replace = false) D:\www\git\dingcan\Application\Common\Model\ArticalModel.class.php 第 7 行.
NOTIC: [2048] Declaration of Common\Model\ArticalModel::save() should be compatible with Think\Model::save($data = '', $options = Array) D:\www\git\dingcan\Application\Common\Model\ArticalModel.class.php 第 7 行.
SQL: SHOW COLUMNS FROM `wemall_artical` [ RunTime:0.0010s ]
SQL: SELECT * FROM `wemall_artical` ORDER BY id desc LIMIT 0,25   [ RunTime:0.0000s ]
NOTIC: [2048] Declaration of Common\Model\FileModel::add() should be compatible with Think\Model::add($data = '', $options = Array, $replace = false) D:\www\git\dingcan\Application\Common\Model\FileModel.class.php 第 111 行.
NOTIC: [2048] Declaration of Common\Model\FileModel::addAll() should be compatible with Think\Model::addAll($dataList, $options = Array, $replace = false) D:\www\git\dingcan\Application\Common\Model\FileModel.class.php 第 111 行.
NOTIC: [2048] Declaration of Common\Model\FileModel::save() should be compatible with Think\Model::save($data = '', $options = Array) D:\www\git\dingcan\Application\Common\Model\FileModel.class.php 第 111 行.
SQL: SHOW COLUMNS FROM `wemall_file` [ RunTime:0.0020s ]
SQL: SELECT * FROM `wemall_file` WHERE ( 1=1 AND id='23' ) LIMIT 1   [ RunTime:0.0000s ]
NOTIC: [2] Missing argument 3 for Common\Model\ArticalModel::getMethod(), called in D:\www\git\dingcan\Application\Admin\Controller\ArticalController.class.php on line 15 and defined D:\www\git\dingcan\Application\Common\Model\ArticalModel.class.php 第 51 行.
SQL: SELECT COUNT(*) AS tp_count FROM `wemall_artical` LIMIT 1   [ RunTime:0.0000s ]
INFO: [ view_parse ] --START--
INFO: [ template_filter ] --START--
INFO: Run Behavior\ContentReplaceBehavior [ RunTime:0.000000s ]
INFO: [ template_filter ] --END-- [ RunTime:0.000000s ]
INFO: Run Behavior\ParseTemplateBehavior [ RunTime:0.008000s ]
INFO: [ view_parse ] --END-- [ RunTime:0.008000s ]
INFO: [ view_filter ] --START--
INFO: Run Behavior\WriteHtmlCacheBehavior [ RunTime:0.001000s ]
INFO: [ view_filter ] --END-- [ RunTime:0.001000s ]
INFO: [ app_end ] --START--
INFO: Run Behavior\ShowPageTraceBehavior [ RunTime:0.000000s ]
INFO: [ app_end ] --END-- [ RunTime:0.000000s ]

[ 2016-12-23T14:19:07+08:00 ] ::1 /git/dingcan/Admin/Artical/artical
INFO: [ app_init ] --START--
INFO: Run Behavior\BuildLiteBehavior [ RunTime:0.000000s ]
INFO: [ app_init ] --END-- [ RunTime:0.000000s ]
INFO: [ app_begin ] --START--
INFO: Run Behavior\ReadHtmlCacheBehavior [ RunTime:0.001000s ]
INFO: [ app_begin ] --END-- [ RunTime:0.001000s ]
NOTIC: [2048] Declaration of Admin\Controller\BaseController::display() should be compatible with Think\Controller::display($templateFile = '', $charset = '', $contentType = '', $content = '', $prefix = '') D:\www\git\dingcan\Application\Admin\Controller\BaseController.class.php 第 77 行.
NOTIC: [2048] Declaration of Common\Model\ArticalModel::add() should be compatible with Think\Model::add($data = '', $options = Array, $replace = false) D:\www\git\dingcan\Application\Common\Model\ArticalModel.class.php 第 7 行.
NOTIC: [2048] Declaration of Common\Model\ArticalModel::addAll() should be compatible with Think\Model::addAll($dataList, $options = Array, $replace = false) D:\www\git\dingcan\Application\Common\Model\ArticalModel.class.php 第 7 行.
NOTIC: [2048] Declaration of Common\Model\ArticalModel::save() should be compatible with Think\Model::save($data = '', $options = Array) D:\www\git\dingcan\Application\Common\Model\ArticalModel.class.php 第 7 行.
SQL: SHOW COLUMNS FROM `wemall_artical` [ RunTime:0.0020s ]
SQL: SELECT * FROM `wemall_artical` ORDER BY id desc LIMIT 0,25   [ RunTime:0.0000s ]
NOTIC: [2048] Declaration of Common\Model\FileModel::add() should be compatible with Think\Model::add($data = '', $options = Array, $replace = false) D:\www\git\dingcan\Application\Common\Model\FileModel.class.php 第 111 行.
NOTIC: [2048] Declaration of Common\Model\FileModel::addAll() should be compatible with Think\Model::addAll($dataList, $options = Array, $replace = false) D:\www\git\dingcan\Application\Common\Model\FileModel.class.php 第 111 行.
NOTIC: [2048] Declaration of Common\Model\FileModel::save() should be compatible with Think\Model::save($data = '', $options = Array) D:\www\git\dingcan\Application\Common\Model\FileModel.class.php 第 111 行.
SQL: SHOW COLUMNS FROM `wemall_file` [ RunTime:0.0020s ]
SQL: SELECT * FROM `wemall_file` WHERE ( 1=1 AND id='23' ) LIMIT 1   [ RunTime:0.0000s ]
NOTIC: [2] Missing argument 3 for Common\Model\ArticalModel::getMethod(), called in D:\www\git\dingcan\Application\Admin\Controller\ArticalController.class.php on line 15 and defined D:\www\git\dingcan\Application\Common\Model\ArticalModel.class.php 第 51 行.
SQL: SELECT COUNT(*) AS tp_count FROM `wemall_artical` LIMIT 1   [ RunTime:0.0000s ]
INFO: [ view_parse ] --START--
INFO: [ template_filter ] --START--
INFO: Run Behavior\ContentReplaceBehavior [ RunTime:0.000000s ]
INFO: [ template_filter ] --END-- [ RunTime:0.000000s ]
INFO: Run Behavior\ParseTemplateBehavior [ RunTime:0.016001s ]
INFO: [ view_parse ] --END-- [ RunTime:0.016001s ]
INFO: [ view_filter ] --START--
INFO: Run Behavior\WriteHtmlCacheBehavior [ RunTime:0.000000s ]
INFO: [ view_filter ] --END-- [ RunTime:0.000000s ]
INFO: [ app_end ] --START--
INFO: Run Behavior\ShowPageTraceBehavior [ RunTime:0.001000s ]
INFO: [ app_end ] --END-- [ RunTime:0.001000s ]

[ 2016-12-23T14:20:51+08:00 ] ::1 /git/dingcan/Admin/Config/shopSet?_pjax=%23pjax-container
INFO: [ app_init ] --START--
INFO: Run Behavior\BuildLiteBehavior [ RunTime:0.000000s ]
INFO: [ app_init ] --END-- [ RunTime:0.000998s ]
INFO: [ app_begin ] --START--
INFO: Run Behavior\ReadHtmlCacheBehavior [ RunTime:0.000999s ]
INFO: [ app_begin ] --END-- [ RunTime:0.000999s ]
NOTIC: [2048] Declaration of Admin\Controller\BaseController::display() should be compatible with Think\Controller::display($templateFile = '', $charset = '', $contentType = '', $content = '', $prefix = '') D:\www\git\dingcan\Application\Admin\Controller\BaseController.class.php 第 77 行.
NOTIC: [2048] Declaration of Common\Model\ConfigModel::add() should be compatible with Think\Model::add($data = '', $options = Array, $replace = false) D:\www\git\dingcan\Application\Common\Model\ConfigModel.class.php 第 7 行.
NOTIC: [2048] Declaration of Common\Model\ConfigModel::addAll() should be compatible with Think\Model::addAll($dataList, $options = Array, $replace = false) D:\www\git\dingcan\Application\Common\Model\ConfigModel.class.php 第 7 行.
NOTIC: [2048] Declaration of Common\Model\ConfigModel::save() should be compatible with Think\Model::save($data = '', $options = Array) D:\www\git\dingcan\Application\Common\Model\ConfigModel.class.php 第 7 行.
SQL: SHOW COLUMNS FROM `wemall_config` [ RunTime:0.0030s ]
SQL: SELECT * FROM `wemall_config` LIMIT 1   [ RunTime:0.0010s ]
INFO: [ view_parse ] --START--
INFO: [ template_filter ] --START--
INFO: Run Behavior\ContentReplaceBehavior [ RunTime:0.000000s ]
INFO: [ template_filter ] --END-- [ RunTime:0.000000s ]
INFO: Run Behavior\ParseTemplateBehavior [ RunTime:0.008985s ]
INFO: [ view_parse ] --END-- [ RunTime:0.008985s ]
INFO: [ view_filter ] --START--
INFO: Run Behavior\WriteHtmlCacheBehavior [ RunTime:0.000000s ]
INFO: [ view_filter ] --END-- [ RunTime:0.000000s ]
INFO: [ app_end ] --START--
INFO: Run Behavior\ShowPageTraceBehavior [ RunTime:0.000998s ]
INFO: [ app_end ] --END-- [ RunTime:0.000998s ]

[ 2016-12-23T14:20:52+08:00 ] ::1 /git/dingcan/Admin/Config/addressSet?_pjax=%23pjax-container
INFO: [ app_init ] --START--
INFO: Run Behavior\BuildLiteBehavior [ RunTime:0.000000s ]
INFO: [ app_init ] --END-- [ RunTime:0.000000s ]
INFO: [ app_begin ] --START--
INFO: Run Behavior\ReadHtmlCacheBehavior [ RunTime:0.000998s ]
INFO: [ app_begin ] --END-- [ RunTime:0.000998s ]
NOTIC: [2048] Declaration of Admin\Controller\BaseController::display() should be compatible with Think\Controller::display($templateFile = '', $charset = '', $contentType = '', $content = '', $prefix = '') D:\www\git\dingcan\Application\Admin\Controller\BaseController.class.php 第 77 行.
NOTIC: [2048] Declaration of Common\Model\LocProvinceModel::add() should be compatible with Think\Model::add($data = '', $options = Array, $replace = false) D:\www\git\dingcan\Application\Common\Model\LocProvinceModel.class.php 第 7 行.
NOTIC: [2048] Declaration of Common\Model\LocProvinceModel::addAll() should be compatible with Think\Model::addAll($dataList, $options = Array, $replace = false) D:\www\git\dingcan\Application\Common\Model\LocProvinceModel.class.php 第 7 行.
NOTIC: [2048] Declaration of Common\Model\LocProvinceModel::save() should be compatible with Think\Model::save($data = '', $options = Array) D:\www\git\dingcan\Application\Common\Model\LocProvinceModel.class.php 第 7 行.
SQL: SHOW COLUMNS FROM `wemall_loc_province` [ RunTime:0.0030s ]
SQL: SELECT * FROM `wemall_loc_province` ORDER BY id desc  [ RunTime:0.0000s ]
INFO: [ view_parse ] --START--
INFO: [ template_filter ] --START--
INFO: Run Behavior\ContentReplaceBehavior [ RunTime:0.000000s ]
INFO: [ template_filter ] --END-- [ RunTime:0.000000s ]
INFO: Run Behavior\ParseTemplateBehavior [ RunTime:0.006988s ]
INFO: [ view_parse ] --END-- [ RunTime:0.006988s ]
INFO: [ view_filter ] --START--
INFO: Run Behavior\WriteHtmlCacheBehavior [ RunTime:0.000998s ]
INFO: [ view_filter ] --END-- [ RunTime:0.000998s ]
INFO: [ app_end ] --START--
INFO: Run Behavior\ShowPageTraceBehavior [ RunTime:0.000000s ]
INFO: [ app_end ] --END-- [ RunTime:0.000000s ]

[ 2016-12-23T14:20:53+08:00 ] ::1 /git/dingcan/Admin/Config/shopSet?_pjax=%23pjax-container
INFO: [ app_init ] --START--
INFO: Run Behavior\BuildLiteBehavior [ RunTime:0.000000s ]
INFO: [ app_init ] --END-- [ RunTime:0.000000s ]
INFO: [ app_begin ] --START--
INFO: Run Behavior\ReadHtmlCacheBehavior [ RunTime:0.000998s ]
INFO: [ app_begin ] --END-- [ RunTime:0.000998s ]
NOTIC: [2048] Declaration of Admin\Controller\BaseController::display() should be compatible with Think\Controller::display($templateFile = '', $charset = '', $contentType = '', $content = '', $prefix = '') D:\www\git\dingcan\Application\Admin\Controller\BaseController.class.php 第 77 行.
NOTIC: [2048] Declaration of Common\Model\ConfigModel::add() should be compatible with Think\Model::add($data = '', $options = Array, $replace = false) D:\www\git\dingcan\Application\Common\Model\ConfigModel.class.php 第 7 行.
NOTIC: [2048] Declaration of Common\Model\ConfigModel::addAll() should be compatible with Think\Model::addAll($dataList, $options = Array, $replace = false) D:\www\git\dingcan\Application\Common\Model\ConfigModel.class.php 第 7 行.
NOTIC: [2048] Declaration of Common\Model\ConfigModel::save() should be compatible with Think\Model::save($data = '', $options = Array) D:\www\git\dingcan\Application\Common\Model\ConfigModel.class.php 第 7 行.
SQL: SHOW COLUMNS FROM `wemall_config` [ RunTime:0.0020s ]
SQL: SELECT * FROM `wemall_config` LIMIT 1   [ RunTime:0.0000s ]
INFO: [ view_parse ] --START--
INFO: [ template_filter ] --START--
INFO: Run Behavior\ContentReplaceBehavior [ RunTime:0.000000s ]
INFO: [ template_filter ] --END-- [ RunTime:0.000000s ]
INFO: Run Behavior\ParseTemplateBehavior [ RunTime:0.008985s ]
INFO: [ view_parse ] --END-- [ RunTime:0.008985s ]
INFO: [ view_filter ] --START--
INFO: Run Behavior\WriteHtmlCacheBehavior [ RunTime:0.000998s ]
INFO: [ view_filter ] --END-- [ RunTime:0.000998s ]
INFO: [ app_end ] --START--
INFO: Run Behavior\ShowPageTraceBehavior [ RunTime:0.000998s ]
INFO: [ app_end ] --END-- [ RunTime:0.000998s ]

[ 2016-12-23T14:20:57+08:00 ] ::1 /git/dingcan/Admin/Index/index?_pjax=%23pjax-container
INFO: [ app_init ] --START--
INFO: Run Behavior\BuildLiteBehavior [ RunTime:0.000000s ]
INFO: [ app_init ] --END-- [ RunTime:0.000998s ]
INFO: [ app_begin ] --START--
INFO: Run Behavior\ReadHtmlCacheBehavior [ RunTime:0.000000s ]
INFO: [ app_begin ] --END-- [ RunTime:0.000000s ]
NOTIC: [2048] Declaration of Admin\Controller\BaseController::display() should be compatible with Think\Controller::display($templateFile = '', $charset = '', $contentType = '', $content = '', $prefix = '') D:\www\git\dingcan\Application\Admin\Controller\BaseController.class.php 第 77 行.
NOTIC: [2048] Declaration of Common\Model\OrderModel::add() should be compatible with Think\Model::add($data = '', $options = Array, $replace = false) D:\www\git\dingcan\Application\Common\Model\OrderModel.class.php 第 7 行.
NOTIC: [2048] Declaration of Common\Model\OrderModel::addAll() should be compatible with Think\Model::addAll($dataList, $options = Array, $replace = false) D:\www\git\dingcan\Application\Common\Model\OrderModel.class.php 第 7 行.
NOTIC: [2048] Declaration of Common\Model\OrderModel::save() should be compatible with Think\Model::save($data = '', $options = Array) D:\www\git\dingcan\Application\Common\Model\OrderModel.class.php 第 7 行.
SQL: SHOW COLUMNS FROM `wemall_order` [ RunTime:0.0020s ]
NOTIC: [2] Missing argument 3 for Common\Model\OrderModel::getMethod(), called in D:\www\git\dingcan\Application\Admin\Controller\IndexController.class.php on line 9 and defined D:\www\git\dingcan\Application\Common\Model\OrderModel.class.php 第 55 行.
SQL: SELECT COUNT(*) AS tp_count FROM `wemall_order` WHERE `status` = 0 LIMIT 1   [ RunTime:0.0000s ]
SQL: SELECT SUM(totalprice) AS tp_sum FROM `wemall_order` WHERE `status` = 0 LIMIT 1   [ RunTime:0.0000s ]
NOTIC: [2048] Declaration of Common\Model\UserModel::add() should be compatible with Think\Model::add($data = '', $options = Array, $replace = false) D:\www\git\dingcan\Application\Common\Model\UserModel.class.php 第 77 行.
NOTIC: [2048] Declaration of Common\Model\UserModel::addAll() should be compatible with Think\Model::addAll($dataList, $options = Array, $replace = false) D:\www\git\dingcan\Application\Common\Model\UserModel.class.php 第 77 行.
NOTIC: [2048] Declaration of Common\Model\UserModel::save() should be compatible with Think\Model::save($data = '', $options = Array) D:\www\git\dingcan\Application\Common\Model\UserModel.class.php 第 77 行.
SQL: SHOW COLUMNS FROM `wemall_user` [ RunTime:0.0030s ]
NOTIC: [2] Missing argument 3 for Common\Model\UserModel::getMethod(), called in D:\www\git\dingcan\Application\Admin\Controller\IndexController.class.php on line 15 and defined D:\www\git\dingcan\Application\Common\Model\UserModel.class.php 第 45 行.
SQL: SELECT COUNT(*) AS tp_count FROM `wemall_user` LIMIT 1   [ RunTime:0.0000s ]
NOTIC: [2] Missing argument 3 for Common\Model\OrderModel::getMethod(), called in D:\www\git\dingcan\Application\Admin\Controller\IndexController.class.php on line 18 and defined D:\www\git\dingcan\Application\Common\Model\OrderModel.class.php 第 55 行.
SQL: SELECT COUNT(*) AS tp_count FROM `wemall_order` LIMIT 1   [ RunTime:0.0010s ]
SQL: SELECT SUM(totalprice) AS tp_sum FROM `wemall_order` LIMIT 1   [ RunTime:0.0000s ]
INFO: [ view_parse ] --START--
INFO: [ template_filter ] --START--
INFO: Run Behavior\ContentReplaceBehavior [ RunTime:0.000000s ]
INFO: [ template_filter ] --END-- [ RunTime:0.000000s ]
NOTIC: [8] Undefined variable: ip D:\www\git\dingcan\Application\Runtime\Cache\Admin\b595b808c2ebeeeb0478ffc30bb4e87a.php 第 102 行.
INFO: Run Behavior\ParseTemplateBehavior [ RunTime:0.005990s ]
INFO: [ view_parse ] --END-- [ RunTime:0.005990s ]
INFO: [ view_filter ] --START--
INFO: Run Behavior\WriteHtmlCacheBehavior [ RunTime:0.000000s ]
INFO: [ view_filter ] --END-- [ RunTime:0.000000s ]
INFO: [ app_end ] --START--
INFO: Run Behavior\ShowPageTraceBehavior [ RunTime:0.000000s ]
INFO: [ app_end ] --END-- [ RunTime:0.000000s ]

